  [1m[35m (490.6ms)[0m  [1m[35mCREATE DATABASE "art_share_development" ENCODING = 'unicode'[0m
  [1m[35m (307.1ms)[0m  [1m[35mCREATE DATABASE "art_share_test" ENCODING = 'unicode'[0m
  [1m[35m (23.2ms)[0m  [1m[35mCREATE TABLE "schema_migrations" ("version" character varying NOT NULL PRIMARY KEY)[0m
  [1m[35m (7.4ms)[0m  [1m[35mCREATE TABLE "ar_internal_metadata" ("key" character varying NOT NULL PRIMARY KEY, "value" character varying, "created_at" timestamp(6) NOT NULL, "updated_at" timestamp(6) NOT NULL)[0m
  [1m[35m (0.4ms)[0m  [1m[34mSELECT pg_try_advisory_lock(1682527628878363470)[0m
  [1m[36mActiveRecord::SchemaMigration Pluck (2.2ms)[0m  [1m[34mSELECT "schema_migrations"."version" FROM "schema_migrations" ORDER BY "schema_migrations"."version" ASC[0m
Migrating to CreateUsers (20230608144411)
  [1m[36mTRANSACTION (4.2ms)[0m  [1m[35mBEGIN[0m
  [1m[35m (16.9ms)[0m  [1m[35mCREATE TABLE "users" ("id" bigserial primary key, "username" character varying, "created_at" timestamp(6) NOT NULL, "updated_at" timestamp(6) NOT NULL)[0m
  [1m[36mActiveRecord::SchemaMigration Create (26.9ms)[0m  [1m[32mINSERT INTO "schema_migrations" ("version") VALUES ($1) RETURNING "version"[0m  [["version", "20230608144411"]]
  [1m[36mTRANSACTION (7.4ms)[0m  [1m[35mCOMMIT[0m
  [1m[36mActiveRecord::InternalMetadata Load (1.6ms)[0m  [1m[34mSELECT "ar_internal_metadata".* FROM "ar_internal_metadata" WHERE "ar_internal_metadata"."key" = $1 LIMIT $2[0m  [["key", "environment"], ["LIMIT", 1]]
  [1m[36mTRANSACTION (0.6ms)[0m  [1m[35mBEGIN[0m
  [1m[36mActiveRecord::InternalMetadata Create (2.0ms)[0m  [1m[32mINSERT INTO "ar_internal_metadata" ("key", "value", "created_at", "updated_at") VALUES ($1, $2, $3, $4) RETURNING "key"[0m  [["key", "environment"], ["value", "development"], ["created_at", "2023-06-08 14:47:49.317494"], ["updated_at", "2023-06-08 14:47:49.317494"]]
  [1m[36mTRANSACTION (1.4ms)[0m  [1m[35mCOMMIT[0m
  [1m[35m (0.5ms)[0m  [1m[34mSELECT pg_advisory_unlock(1682527628878363470)[0m
  [1m[36mActiveRecord::SchemaMigration Pluck (1.7ms)[0m  [1m[34mSELECT "schema_migrations"."version" FROM "schema_migrations" ORDER BY "schema_migrations"."version" ASC[0m
  [1m[36mActiveRecord::SchemaMigration Pluck (0.8ms)[0m  [1m[34mSELECT "schema_migrations"."version" FROM "schema_migrations" ORDER BY "schema_migrations"."version" ASC[0m
  [1m[36mActiveRecord::SchemaMigration Pluck (0.4ms)[0m  [1m[34mSELECT "schema_migrations"."version" FROM "schema_migrations" ORDER BY "schema_migrations"."version" ASC[0m
  [1m[36mActiveRecord::SchemaMigration Pluck (0.5ms)[0m  [1m[34mSELECT "schema_migrations"."version" FROM "schema_migrations" ORDER BY "schema_migrations"."version" ASC[0m
  [1m[35m (0.3ms)[0m  [1m[34mSELECT pg_try_advisory_lock(1682527628878363470)[0m
  [1m[36mActiveRecord::SchemaMigration Pluck (0.4ms)[0m  [1m[34mSELECT "schema_migrations"."version" FROM "schema_migrations" ORDER BY "schema_migrations"."version" ASC[0m
Migrating to CreateUsers (20230608144411)
  [1m[36mTRANSACTION (1.0ms)[0m  [1m[35mBEGIN[0m
  [1m[35m (37.8ms)[0m  [1m[35mDROP TABLE "users"[0m
  [1m[36mActiveRecord::SchemaMigration Delete All (16.7ms)[0m  [1m[31mDELETE FROM "schema_migrations" WHERE "schema_migrations"."version" = $1[0m  [["version", "20230608144411"]]
  [1m[36mTRANSACTION (22.0ms)[0m  [1m[35mCOMMIT[0m
  [1m[35m (1.7ms)[0m  [1m[34mSELECT pg_advisory_unlock(1682527628878363470)[0m
  [1m[36mActiveRecord::SchemaMigration Pluck (1.4ms)[0m  [1m[34mSELECT "schema_migrations"."version" FROM "schema_migrations" ORDER BY "schema_migrations"."version" ASC[0m
  [1m[35m (0.2ms)[0m  [1m[34mSELECT pg_try_advisory_lock(1682527628878363470)[0m
  [1m[36mActiveRecord::SchemaMigration Pluck (0.9ms)[0m  [1m[34mSELECT "schema_migrations"."version" FROM "schema_migrations" ORDER BY "schema_migrations"."version" ASC[0m
Migrating to CreateUsers (20230608144411)
  [1m[36mTRANSACTION (3.0ms)[0m  [1m[35mBEGIN[0m
  [1m[35m (12.6ms)[0m  [1m[35mCREATE TABLE "users" ("id" bigserial primary key, "username" character varying NOT NULL, "created_at" timestamp(6) NOT NULL, "updated_at" timestamp(6) NOT NULL)[0m
  [1m[36mActiveRecord::SchemaMigration Create (2.1ms)[0m  [1m[32mINSERT INTO "schema_migrations" ("version") VALUES ($1) RETURNING "version"[0m  [["version", "20230608144411"]]
  [1m[36mTRANSACTION (4.1ms)[0m  [1m[35mCOMMIT[0m
  [1m[36mActiveRecord::InternalMetadata Load (3.0ms)[0m  [1m[34mSELECT "ar_internal_metadata".* FROM "ar_internal_metadata" WHERE "ar_internal_metadata"."key" = $1 LIMIT $2[0m  [["key", "environment"], ["LIMIT", 1]]
  [1m[35m (1.9ms)[0m  [1m[34mSELECT pg_advisory_unlock(1682527628878363470)[0m
  [1m[36mActiveRecord::SchemaMigration Pluck (2.8ms)[0m  [1m[34mSELECT "schema_migrations"."version" FROM "schema_migrations" ORDER BY "schema_migrations"."version" ASC[0m
  [1m[36mActiveRecord::SchemaMigration Pluck (1.2ms)[0m  [1m[34mSELECT "schema_migrations"."version" FROM "schema_migrations" ORDER BY "schema_migrations"."version" ASC[0m
  [1m[36mActiveRecord::SchemaMigration Pluck (0.4ms)[0m  [1m[34mSELECT "schema_migrations"."version" FROM "schema_migrations" ORDER BY "schema_migrations"."version" ASC[0m
  [1m[36mActiveRecord::SchemaMigration Pluck (0.4ms)[0m  [1m[34mSELECT "schema_migrations"."version" FROM "schema_migrations" ORDER BY "schema_migrations"."version" ASC[0m
  [1m[35m (0.5ms)[0m  [1m[34mSELECT pg_try_advisory_lock(1682527628878363470)[0m
  [1m[36mActiveRecord::SchemaMigration Pluck (0.3ms)[0m  [1m[34mSELECT "schema_migrations"."version" FROM "schema_migrations" ORDER BY "schema_migrations"."version" ASC[0m
Migrating to CreateUsers (20230608144411)
  [1m[36mTRANSACTION (1.2ms)[0m  [1m[35mBEGIN[0m
  [1m[35m (4.1ms)[0m  [1m[35mDROP TABLE "users"[0m
  [1m[36mActiveRecord::SchemaMigration Delete All (3.8ms)[0m  [1m[31mDELETE FROM "schema_migrations" WHERE "schema_migrations"."version" = $1[0m  [["version", "20230608144411"]]
  [1m[36mTRANSACTION (18.3ms)[0m  [1m[35mCOMMIT[0m
  [1m[35m (2.0ms)[0m  [1m[34mSELECT pg_advisory_unlock(1682527628878363470)[0m
  [1m[36mActiveRecord::SchemaMigration Pluck (2.7ms)[0m  [1m[34mSELECT "schema_migrations"."version" FROM "schema_migrations" ORDER BY "schema_migrations"."version" ASC[0m
  [1m[35m (0.4ms)[0m  [1m[34mSELECT pg_try_advisory_lock(1682527628878363470)[0m
  [1m[36mActiveRecord::SchemaMigration Pluck (1.5ms)[0m  [1m[34mSELECT "schema_migrations"."version" FROM "schema_migrations" ORDER BY "schema_migrations"."version" ASC[0m
Migrating to CreateUsers (20230608144411)
  [1m[36mTRANSACTION (1.6ms)[0m  [1m[35mBEGIN[0m
  [1m[35m (15.6ms)[0m  [1m[35mCREATE TABLE "users" ("id" bigserial primary key, "username" character varying NOT NULL, "created_at" timestamp(6) NOT NULL, "updated_at" timestamp(6) NOT NULL)[0m
  [1m[35m (7.3ms)[0m  [1m[35mCREATE INDEX "index_users_on_username" ON "users" ("username")[0m
  [1m[36mActiveRecord::SchemaMigration Create (0.4ms)[0m  [1m[32mINSERT INTO "schema_migrations" ("version") VALUES ($1) RETURNING "version"[0m  [["version", "20230608144411"]]
  [1m[36mTRANSACTION (1.3ms)[0m  [1m[35mCOMMIT[0m
  [1m[36mActiveRecord::InternalMetadata Load (0.9ms)[0m  [1m[34mSELECT "ar_internal_metadata".* FROM "ar_internal_metadata" WHERE "ar_internal_metadata"."key" = $1 LIMIT $2[0m  [["key", "environment"], ["LIMIT", 1]]
  [1m[35m (0.5ms)[0m  [1m[34mSELECT pg_advisory_unlock(1682527628878363470)[0m
  [1m[36mActiveRecord::SchemaMigration Pluck (0.9ms)[0m  [1m[34mSELECT "schema_migrations"."version" FROM "schema_migrations" ORDER BY "schema_migrations"."version" ASC[0m
  [1m[36mActiveRecord::SchemaMigration Pluck (0.9ms)[0m  [1m[34mSELECT "schema_migrations"."version" FROM "schema_migrations" ORDER BY "schema_migrations"."version" ASC[0m
  [1m[36mActiveRecord::SchemaMigration Pluck (2.8ms)[0m  [1m[34mSELECT "schema_migrations"."version" FROM "schema_migrations" ORDER BY "schema_migrations"."version" ASC[0m
  [1m[36mActiveRecord::SchemaMigration Pluck (0.5ms)[0m  [1m[34mSELECT "schema_migrations"."version" FROM "schema_migrations" ORDER BY "schema_migrations"."version" ASC[0m
  [1m[35m (0.3ms)[0m  [1m[34mSELECT pg_try_advisory_lock(1682527628878363470)[0m
  [1m[36mActiveRecord::SchemaMigration Pluck (0.3ms)[0m  [1m[34mSELECT "schema_migrations"."version" FROM "schema_migrations" ORDER BY "schema_migrations"."version" ASC[0m
Migrating to CreateUsers (20230608144411)
  [1m[36mTRANSACTION (4.0ms)[0m  [1m[35mBEGIN[0m
  [1m[35m (8.5ms)[0m  [1m[35mDROP TABLE "users"[0m
  [1m[36mActiveRecord::SchemaMigration Delete All (62.4ms)[0m  [1m[31mDELETE FROM "schema_migrations" WHERE "schema_migrations"."version" = $1[0m  [["version", "20230608144411"]]
  [1m[36mTRANSACTION (17.6ms)[0m  [1m[35mCOMMIT[0m
  [1m[35m (1.0ms)[0m  [1m[34mSELECT pg_advisory_unlock(1682527628878363470)[0m
  [1m[36mActiveRecord::SchemaMigration Pluck (3.4ms)[0m  [1m[34mSELECT "schema_migrations"."version" FROM "schema_migrations" ORDER BY "schema_migrations"."version" ASC[0m
  [1m[35m (0.3ms)[0m  [1m[34mSELECT pg_try_advisory_lock(1682527628878363470)[0m
  [1m[36mActiveRecord::SchemaMigration Pluck (0.9ms)[0m  [1m[34mSELECT "schema_migrations"."version" FROM "schema_migrations" ORDER BY "schema_migrations"."version" ASC[0m
Migrating to CreateUsers (20230608144411)
  [1m[36mTRANSACTION (0.7ms)[0m  [1m[35mBEGIN[0m
  [1m[35m (20.9ms)[0m  [1m[35mCREATE TABLE "users" ("id" bigserial primary key, "username" character varying NOT NULL, "created_at" timestamp(6) NOT NULL, "updated_at" timestamp(6) NOT NULL)[0m
  [1m[35m (5.7ms)[0m  [1m[35mCREATE UNIQUE INDEX "index_users_on_username" ON "users" ("username")[0m
  [1m[36mActiveRecord::SchemaMigration Create (0.5ms)[0m  [1m[32mINSERT INTO "schema_migrations" ("version") VALUES ($1) RETURNING "version"[0m  [["version", "20230608144411"]]
  [1m[36mTRANSACTION (2.0ms)[0m  [1m[35mCOMMIT[0m
  [1m[36mActiveRecord::InternalMetadata Load (1.2ms)[0m  [1m[34mSELECT "ar_internal_metadata".* FROM "ar_internal_metadata" WHERE "ar_internal_metadata"."key" = $1 LIMIT $2[0m  [["key", "environment"], ["LIMIT", 1]]
  [1m[35m (0.3ms)[0m  [1m[34mSELECT pg_advisory_unlock(1682527628878363470)[0m
  [1m[36mActiveRecord::SchemaMigration Pluck (1.4ms)[0m  [1m[34mSELECT "schema_migrations"."version" FROM "schema_migrations" ORDER BY "schema_migrations"."version" ASC[0m
Started GET "/users" for ::1 at 2023-06-08 11:06:36 -0400
  [1m[36mActiveRecord::SchemaMigration Pluck (1.5ms)[0m  [1m[34mSELECT "schema_migrations"."version" FROM "schema_migrations" ORDER BY "schema_migrations"."version" ASC[0m
Processing by UsersController#index as */*
  [1m[36mUser Load (2.5ms)[0m  [1m[34mSELECT "users".* FROM "users"[0m
  ↳ app/controllers/users_controller.rb:6:in `index'
Completed 200 OK in 134ms (Views: 47.7ms | ActiveRecord: 2.5ms | Allocations: 2023)


Started POST "/users" for ::1 at 2023-06-08 11:07:29 -0400
Processing by UsersController#create as */*
  Parameters: {"user"=>{"username"=>"jordy"}}
Can't verify CSRF token authenticity.
Completed 422 Unprocessable Entity in 2ms (ActiveRecord: 0.0ms | Allocations: 725)



ActionController::InvalidAuthenticityToken - Can't verify CSRF token authenticity.:

Started POST "/users" for ::1 at 2023-06-08 11:08:04 -0400
Processing by UsersController#create as */*
  Parameters: {"user"=>{"username"=>"jordy"}}
Can't verify CSRF token authenticity.
Completed 422 Unprocessable Entity in 1ms (ActiveRecord: 0.0ms | Allocations: 605)



ActionController::InvalidAuthenticityToken - Can't verify CSRF token authenticity.:

Started POST "/users" for ::1 at 2023-06-08 11:09:20 -0400
Processing by UsersController#create as */*
  Parameters: {"user"=>{"username"=>"jordy"}}
Can't verify CSRF token authenticity.
Completed 422 Unprocessable Entity in 2ms (ActiveRecord: 0.0ms | Allocations: 607)



ActionController::InvalidAuthenticityToken - Can't verify CSRF token authenticity.:

Started POST "/users" for ::1 at 2023-06-08 11:11:26 -0400
  [1m[36mActiveRecord::SchemaMigration Pluck (1.6ms)[0m  [1m[34mSELECT "schema_migrations"."version" FROM "schema_migrations" ORDER BY "schema_migrations"."version" ASC[0m
Processing by UsersController#create as */*
  Parameters: {"user"=>{"username"=>"jordy"}}
  [1m[36mTRANSACTION (0.7ms)[0m  [1m[35mBEGIN[0m
  ↳ app/controllers/users_controller.rb:12:in `create'
  [1m[36mUser Exists? (3.1ms)[0m  [1m[34mSELECT 1 AS one FROM "users" WHERE "users"."username" = $1 LIMIT $2[0m  [["username", "jordy"], ["LIMIT", 1]]
  ↳ app/controllers/users_controller.rb:12:in `create'
  [1m[36mUser Create (4.1ms)[0m  [1m[32mINSERT INTO "users" ("username", "created_at", "updated_at") VALUES ($1, $2, $3) RETURNING "id"[0m  [["username", "jordy"], ["created_at", "2023-06-08 15:11:28.935135"], ["updated_at", "2023-06-08 15:11:28.935135"]]
  ↳ app/controllers/users_controller.rb:12:in `create'
  [1m[36mTRANSACTION (8.7ms)[0m  [1m[35mCOMMIT[0m
  ↳ app/controllers/users_controller.rb:12:in `create'
Completed 200 OK in 496ms (Views: 1.2ms | ActiveRecord: 77.8ms | Allocations: 11454)


Started POST "/users" for ::1 at 2023-06-08 11:16:59 -0400
Processing by UsersController#create as */*
  Parameters: {"user"=>{"username"=>"jordy"}}
  [1m[36mTRANSACTION (0.3ms)[0m  [1m[35mBEGIN[0m
  ↳ app/controllers/users_controller.rb:12:in `create'
  [1m[36mUser Exists? (3.6ms)[0m  [1m[34mSELECT 1 AS one FROM "users" WHERE "users"."username" = $1 LIMIT $2[0m  [["username", "jordy"], ["LIMIT", 1]]
  ↳ app/controllers/users_controller.rb:12:in `create'
  [1m[36mTRANSACTION (7.6ms)[0m  [1m[31mROLLBACK[0m
  ↳ app/controllers/users_controller.rb:12:in `create'
Completed 422 Unprocessable Entity in 117ms (Views: 4.3ms | ActiveRecord: 11.5ms | Allocations: 5091)


  [1m[35m (0.6ms)[0m  [1m[34mSELECT pg_try_advisory_lock(1682527628878363470)[0m
  [1m[36mActiveRecord::SchemaMigration Pluck (0.9ms)[0m  [1m[34mSELECT "schema_migrations"."version" FROM "schema_migrations" ORDER BY "schema_migrations"."version" ASC[0m
Migrating to CreateArtworks (20230608151826)
  [1m[36mTRANSACTION (1.3ms)[0m  [1m[35mBEGIN[0m
  [1m[35m (38.5ms)[0m  [1m[35mCREATE TABLE "artworks" ("id" bigserial primary key, "title" character varying NOT NULL, "image_url" character varying NOT NULL, "artist_id" bigint NOT NULL, "created_at" timestamp(6) NOT NULL, "updated_at" timestamp(6) NOT NULL, CONSTRAINT "fk_rails_61f542e710"
FOREIGN KEY ("artist_id")
  REFERENCES "users" ("id")
)[0m
  [1m[35m (3.5ms)[0m  [1m[35mCREATE UNIQUE INDEX "index_artworks_on_image_url" ON "artworks" ("image_url")[0m
  [1m[35m (4.0ms)[0m  [1m[35mCREATE INDEX "index_artworks_on_artist_id" ON "artworks" ("artist_id")[0m
  [1m[36mActiveRecord::SchemaMigration Create (9.7ms)[0m  [1m[32mINSERT INTO "schema_migrations" ("version") VALUES ($1) RETURNING "version"[0m  [["version", "20230608151826"]]
  [1m[36mTRANSACTION (13.5ms)[0m  [1m[35mCOMMIT[0m
  [1m[36mActiveRecord::InternalMetadata Load (0.8ms)[0m  [1m[34mSELECT "ar_internal_metadata".* FROM "ar_internal_metadata" WHERE "ar_internal_metadata"."key" = $1 LIMIT $2[0m  [["key", "environment"], ["LIMIT", 1]]
  [1m[35m (0.5ms)[0m  [1m[34mSELECT pg_advisory_unlock(1682527628878363470)[0m
  [1m[36mActiveRecord::SchemaMigration Pluck (1.1ms)[0m  [1m[34mSELECT "schema_migrations"."version" FROM "schema_migrations" ORDER BY "schema_migrations"."version" ASC[0m
  [1m[36mActiveRecord::SchemaMigration Pluck (1.0ms)[0m  [1m[34mSELECT "schema_migrations"."version" FROM "schema_migrations" ORDER BY "schema_migrations"."version" ASC[0m
  [1m[36mActiveRecord::SchemaMigration Pluck (0.4ms)[0m  [1m[34mSELECT "schema_migrations"."version" FROM "schema_migrations" ORDER BY "schema_migrations"."version" ASC[0m
  [1m[36mActiveRecord::SchemaMigration Pluck (0.5ms)[0m  [1m[34mSELECT "schema_migrations"."version" FROM "schema_migrations" ORDER BY "schema_migrations"."version" ASC[0m
  [1m[35m (0.3ms)[0m  [1m[34mSELECT pg_try_advisory_lock(1682527628878363470)[0m
  [1m[36mActiveRecord::SchemaMigration Pluck (0.5ms)[0m  [1m[34mSELECT "schema_migrations"."version" FROM "schema_migrations" ORDER BY "schema_migrations"."version" ASC[0m
Migrating to CreateArtworks (20230608151826)
  [1m[36mTRANSACTION (1.0ms)[0m  [1m[35mBEGIN[0m
  [1m[35m (17.3ms)[0m  [1m[35mDROP TABLE "artworks"[0m
  [1m[36mActiveRecord::SchemaMigration Delete All (3.6ms)[0m  [1m[31mDELETE FROM "schema_migrations" WHERE "schema_migrations"."version" = $1[0m  [["version", "20230608151826"]]
  [1m[36mTRANSACTION (16.9ms)[0m  [1m[35mCOMMIT[0m
  [1m[35m (3.9ms)[0m  [1m[34mSELECT pg_advisory_unlock(1682527628878363470)[0m
  [1m[36mActiveRecord::SchemaMigration Pluck (9.0ms)[0m  [1m[34mSELECT "schema_migrations"."version" FROM "schema_migrations" ORDER BY "schema_migrations"."version" ASC[0m
  [1m[35m (0.4ms)[0m  [1m[34mSELECT pg_try_advisory_lock(1682527628878363470)[0m
  [1m[36mActiveRecord::SchemaMigration Pluck (0.9ms)[0m  [1m[34mSELECT "schema_migrations"."version" FROM "schema_migrations" ORDER BY "schema_migrations"."version" ASC[0m
Migrating to CreateArtworks (20230608151826)
  [1m[36mTRANSACTION (1.4ms)[0m  [1m[35mBEGIN[0m
  [1m[35m (35.9ms)[0m  [1m[35mCREATE TABLE "artworks" ("id" bigserial primary key, "title" character varying NOT NULL, "image_url" character varying NOT NULL, "artist_id" bigint NOT NULL, "created_at" timestamp(6) NOT NULL, "updated_at" timestamp(6) NOT NULL, CONSTRAINT "fk_rails_61f542e710"
FOREIGN KEY ("artist_id")
  REFERENCES "users" ("id")
)[0m
  [1m[35m (9.3ms)[0m  [1m[35mCREATE UNIQUE INDEX "index_artworks_on_image_url" ON "artworks" ("image_url")[0m
  [1m[35m (7.1ms)[0m  [1m[35mCREATE INDEX "index_artworks_on_artist_id" ON "artworks" ("artist_id")[0m
  [1m[35m (3.9ms)[0m  [1m[35mCREATE UNIQUE INDEX "index_artworks_on_title_and_artist_id" ON "artworks" ("title", "artist_id")[0m
  [1m[36mActiveRecord::SchemaMigration Create (0.6ms)[0m  [1m[32mINSERT INTO "schema_migrations" ("version") VALUES ($1) RETURNING "version"[0m  [["version", "20230608151826"]]
  [1m[36mTRANSACTION (2.1ms)[0m  [1m[35mCOMMIT[0m
  [1m[36mActiveRecord::InternalMetadata Load (0.9ms)[0m  [1m[34mSELECT "ar_internal_metadata".* FROM "ar_internal_metadata" WHERE "ar_internal_metadata"."key" = $1 LIMIT $2[0m  [["key", "environment"], ["LIMIT", 1]]
  [1m[35m (0.5ms)[0m  [1m[34mSELECT pg_advisory_unlock(1682527628878363470)[0m
  [1m[36mActiveRecord::SchemaMigration Pluck (1.2ms)[0m  [1m[34mSELECT "schema_migrations"."version" FROM "schema_migrations" ORDER BY "schema_migrations"."version" ASC[0m
  [1m[36mActiveRecord::SchemaMigration Pluck (3.4ms)[0m  [1m[34mSELECT "schema_migrations"."version" FROM "schema_migrations" ORDER BY "schema_migrations"."version" ASC[0m
  [1m[35m (0.3ms)[0m  [1m[34mSELECT pg_try_advisory_lock(1682527628878363470)[0m
  [1m[36mActiveRecord::SchemaMigration Pluck (0.8ms)[0m  [1m[34mSELECT "schema_migrations"."version" FROM "schema_migrations" ORDER BY "schema_migrations"."version" ASC[0m
Migrating to CreateArtworkShares (20230608153542)
  [1m[36mTRANSACTION (0.3ms)[0m  [1m[35mBEGIN[0m
  [1m[35m (33.2ms)[0m  [1m[35mCREATE TABLE "artwork_shares" ("id" bigserial primary key, "artwork_id" bigint NOT NULL, "viewer_id" bigint NOT NULL, "created_at" timestamp(6) NOT NULL, "updated_at" timestamp(6) NOT NULL, CONSTRAINT "fk_rails_f5efbe8cf6"
FOREIGN KEY ("artwork_id")
  REFERENCES "artworks" ("id")
, CONSTRAINT "fk_rails_abdcd9d49f"
FOREIGN KEY ("viewer_id")
  REFERENCES "users" ("id")
)[0m
  [1m[35m (14.3ms)[0m  [1m[35mCREATE INDEX "index_artwork_shares_on_artwork_id" ON "artwork_shares" ("artwork_id")[0m
  [1m[35m (4.0ms)[0m  [1m[35mCREATE INDEX "index_artwork_shares_on_viewer_id" ON "artwork_shares" ("viewer_id")[0m
  [1m[36mActiveRecord::SchemaMigration Create (6.0ms)[0m  [1m[32mINSERT INTO "schema_migrations" ("version") VALUES ($1) RETURNING "version"[0m  [["version", "20230608153542"]]
  [1m[36mTRANSACTION (5.9ms)[0m  [1m[35mCOMMIT[0m
  [1m[36mActiveRecord::InternalMetadata Load (0.9ms)[0m  [1m[34mSELECT "ar_internal_metadata".* FROM "ar_internal_metadata" WHERE "ar_internal_metadata"."key" = $1 LIMIT $2[0m  [["key", "environment"], ["LIMIT", 1]]
  [1m[35m (0.5ms)[0m  [1m[34mSELECT pg_advisory_unlock(1682527628878363470)[0m
  [1m[36mActiveRecord::SchemaMigration Pluck (1.9ms)[0m  [1m[34mSELECT "schema_migrations"."version" FROM "schema_migrations" ORDER BY "schema_migrations"."version" ASC[0m
  [1m[36mActiveRecord::SchemaMigration Pluck (1.7ms)[0m  [1m[34mSELECT "schema_migrations"."version" FROM "schema_migrations" ORDER BY "schema_migrations"."version" ASC[0m
  [1m[36mActiveRecord::SchemaMigration Pluck (0.8ms)[0m  [1m[34mSELECT "schema_migrations"."version" FROM "schema_migrations" ORDER BY "schema_migrations"."version" ASC[0m
  [1m[36mActiveRecord::SchemaMigration Pluck (0.9ms)[0m  [1m[34mSELECT "schema_migrations"."version" FROM "schema_migrations" ORDER BY "schema_migrations"."version" ASC[0m
  [1m[35m (0.4ms)[0m  [1m[34mSELECT pg_try_advisory_lock(1682527628878363470)[0m
  [1m[36mActiveRecord::SchemaMigration Pluck (1.8ms)[0m  [1m[34mSELECT "schema_migrations"."version" FROM "schema_migrations" ORDER BY "schema_migrations"."version" ASC[0m
Migrating to UpdateArtworkShares (20230608154428)
  [1m[36mTRANSACTION (0.2ms)[0m  [1m[35mBEGIN[0m
  [1m[35m (31.3ms)[0m  [1m[35mCREATE UNIQUE INDEX "index_artwork_shares_on_artwork_id_and_viewer_id" ON "artwork_shares" ("artwork_id", "viewer_id")[0m
  [1m[36mActiveRecord::SchemaMigration Create (0.9ms)[0m  [1m[32mINSERT INTO "schema_migrations" ("version") VALUES ($1) RETURNING "version"[0m  [["version", "20230608154428"]]
  [1m[36mTRANSACTION (1.5ms)[0m  [1m[35mCOMMIT[0m
  [1m[36mActiveRecord::InternalMetadata Load (4.2ms)[0m  [1m[34mSELECT "ar_internal_metadata".* FROM "ar_internal_metadata" WHERE "ar_internal_metadata"."key" = $1 LIMIT $2[0m  [["key", "environment"], ["LIMIT", 1]]
  [1m[35m (0.7ms)[0m  [1m[34mSELECT pg_advisory_unlock(1682527628878363470)[0m
  [1m[36mActiveRecord::SchemaMigration Pluck (13.3ms)[0m  [1m[34mSELECT "schema_migrations"."version" FROM "schema_migrations" ORDER BY "schema_migrations"."version" ASC[0m
Started GET "/users/1" for ::1 at 2023-06-08 11:51:31 -0400
  [1m[36mActiveRecord::SchemaMigration Pluck (2.8ms)[0m  [1m[34mSELECT "schema_migrations"."version" FROM "schema_migrations" ORDER BY "schema_migrations"."version" ASC[0m
Processing by UsersController#show as */*
  Parameters: {"user"=>{"username"=>"jordy"}, "id"=>"1"}
  [1m[36mUser Load (1.7ms)[0m  [1m[34mSELECT "users".* FROM "users" WHERE "users"."id" = $1 LIMIT $2[0m  [["id", 1], ["LIMIT", 1]]
  ↳ app/controllers/users_controller.rb:19:in `show'
Completed 200 OK in 118ms (Views: 1.0ms | ActiveRecord: 23.7ms | Allocations: 9707)


Started DELETE "/users/1" for ::1 at 2023-06-08 11:51:41 -0400
Processing by UsersController#destroy as */*
  Parameters: {"user"=>{"username"=>"jordy"}, "id"=>"1"}
  [1m[36mUser Load (4.4ms)[0m  [1m[34mSELECT "users".* FROM "users" WHERE "users"."id" = $1 LIMIT $2[0m  [["id", 1], ["LIMIT", 1]]
  ↳ app/controllers/users_controller.rb:28:in `destroy'
  [1m[36mTRANSACTION (0.8ms)[0m  [1m[35mBEGIN[0m
  ↳ app/controllers/users_controller.rb:29:in `destroy'
  [1m[36mArtwork Load (15.5ms)[0m  [1m[34mSELECT "artworks".* FROM "artworks" WHERE "artworks"."artist_id" = $1[0m  [["artist_id", 1]]
  ↳ app/controllers/users_controller.rb:29:in `destroy'
  [1m[36mUser Destroy (11.2ms)[0m  [1m[31mDELETE FROM "users" WHERE "users"."id" = $1[0m  [["id", 1]]
  ↳ app/controllers/users_controller.rb:29:in `destroy'
  [1m[36mTRANSACTION (1.5ms)[0m  [1m[35mCOMMIT[0m
  ↳ app/controllers/users_controller.rb:29:in `destroy'
No template found for UsersController#destroy, rendering head :no_content
Completed 204 No Content in 124ms (ActiveRecord: 36.4ms | Allocations: 10711)


Started GET "/users/1" for ::1 at 2023-06-08 11:51:47 -0400
Processing by UsersController#show as */*
  Parameters: {"user"=>{"username"=>"jordy"}, "id"=>"1"}
  [1m[36mUser Load (1.7ms)[0m  [1m[34mSELECT "users".* FROM "users" WHERE "users"."id" = $1 LIMIT $2[0m  [["id", 1], ["LIMIT", 1]]
  ↳ app/controllers/users_controller.rb:19:in `show'
Completed 404 Not Found in 6ms (ActiveRecord: 1.7ms | Allocations: 1151)



ActiveRecord::RecordNotFound - Couldn't find User with 'id'=1:
  app/controllers/users_controller.rb:19:in `show'

Started GET "/users/2" for ::1 at 2023-06-08 11:51:53 -0400
Processing by UsersController#show as */*
  Parameters: {"user"=>{"username"=>"jordy"}, "id"=>"2"}
  [1m[36mUser Load (0.9ms)[0m  [1m[34mSELECT "users".* FROM "users" WHERE "users"."id" = $1 LIMIT $2[0m  [["id", 2], ["LIMIT", 1]]
  ↳ app/controllers/users_controller.rb:19:in `show'
Completed 404 Not Found in 6ms (ActiveRecord: 0.9ms | Allocations: 1045)



ActiveRecord::RecordNotFound - Couldn't find User with 'id'=2:
  app/controllers/users_controller.rb:19:in `show'

Started GET "/artworks" for ::1 at 2023-06-08 13:50:26 -0400
  [1m[36mActiveRecord::SchemaMigration Pluck (2.7ms)[0m  [1m[34mSELECT "schema_migrations"."version" FROM "schema_migrations" ORDER BY "schema_migrations"."version" ASC[0m
Processing by ArtworksController#index as */*
  Parameters: {"user"=>{"username"=>"jordy"}}
  [1m[36mArtwork Load (16.7ms)[0m  [1m[34mSELECT "artworks".* FROM "artworks"[0m
  ↳ app/controllers/artworks_controller.rb:4:in `index'
Completed 200 OK in 84ms (Views: 7.6ms | ActiveRecord: 16.7ms | Allocations: 3808)


  [1m[36mActiveRecord::SchemaMigration Pluck (1.1ms)[0m  [1m[34mSELECT "schema_migrations"."version" FROM "schema_migrations" ORDER BY "schema_migrations"."version" ASC[0m
Started GET "/users" for ::1 at 2023-06-08 13:53:07 -0400
  [1m[36mActiveRecord::SchemaMigration Pluck (3.7ms)[0m  [1m[34mSELECT "schema_migrations"."version" FROM "schema_migrations" ORDER BY "schema_migrations"."version" ASC[0m
Processing by UsersController#index as */*
  Parameters: {"user"=>{"username"=>"jordy"}}
  [1m[36mUser Load (1.4ms)[0m  [1m[34mSELECT "users".* FROM "users"[0m
  ↳ app/controllers/users_controller.rb:6:in `index'
Completed 200 OK in 168ms (Views: 63.9ms | ActiveRecord: 1.4ms | Allocations: 3698)


Started POST "/users" for ::1 at 2023-06-08 13:53:32 -0400
Processing by UsersController#create as */*
  Parameters: {"user"=>{"username"=>"jordy"}}
  [1m[36mTRANSACTION (0.4ms)[0m  [1m[35mBEGIN[0m
  ↳ app/controllers/users_controller.rb:12:in `create'
  [1m[36mUser Exists? (13.3ms)[0m  [1m[34mSELECT 1 AS one FROM "users" WHERE "users"."username" = $1 LIMIT $2[0m  [["username", "jordy"], ["LIMIT", 1]]
  ↳ app/controllers/users_controller.rb:12:in `create'
  [1m[36mUser Create (5.0ms)[0m  [1m[32mINSERT INTO "users" ("username", "created_at", "updated_at") VALUES ($1, $2, $3) RETURNING "id"[0m  [["username", "jordy"], ["created_at", "2023-06-08 17:53:32.768342"], ["updated_at", "2023-06-08 17:53:32.768342"]]
  ↳ app/controllers/users_controller.rb:12:in `create'
  [1m[36mTRANSACTION (19.0ms)[0m  [1m[35mCOMMIT[0m
  ↳ app/controllers/users_controller.rb:12:in `create'
Completed 200 OK in 272ms (Views: 1.6ms | ActiveRecord: 63.6ms | Allocations: 10206)


Started POST "/users" for ::1 at 2023-06-08 13:53:39 -0400
Processing by UsersController#create as */*
  Parameters: {"user"=>{"username"=>"max"}}
  [1m[36mTRANSACTION (1.3ms)[0m  [1m[35mBEGIN[0m
  ↳ app/controllers/users_controller.rb:12:in `create'
  [1m[36mUser Exists? (3.3ms)[0m  [1m[34mSELECT 1 AS one FROM "users" WHERE "users"."username" = $1 LIMIT $2[0m  [["username", "max"], ["LIMIT", 1]]
  ↳ app/controllers/users_controller.rb:12:in `create'
  [1m[36mUser Create (2.8ms)[0m  [1m[32mINSERT INTO "users" ("username", "created_at", "updated_at") VALUES ($1, $2, $3) RETURNING "id"[0m  [["username", "max"], ["created_at", "2023-06-08 17:53:39.335153"], ["updated_at", "2023-06-08 17:53:39.335153"]]
  ↳ app/controllers/users_controller.rb:12:in `create'
  [1m[36mTRANSACTION (3.8ms)[0m  [1m[35mCOMMIT[0m
  ↳ app/controllers/users_controller.rb:12:in `create'
Completed 200 OK in 38ms (Views: 1.3ms | ActiveRecord: 11.2ms | Allocations: 2868)


  [1m[36mActiveRecord::SchemaMigration Pluck (0.9ms)[0m  [1m[34mSELECT "schema_migrations"."version" FROM "schema_migrations" ORDER BY "schema_migrations"."version" ASC[0m
  [1m[36mActiveRecord::SchemaMigration Pluck (2.2ms)[0m  [1m[34mSELECT "schema_migrations"."version" FROM "schema_migrations" ORDER BY "schema_migrations"."version" ASC[0m
  [1m[36mTRANSACTION (0.2ms)[0m  [1m[35mBEGIN[0m
  [1m[36mUser Exists? (1.1ms)[0m  [1m[34mSELECT 1 AS one FROM "users" WHERE "users"."username" = $1 LIMIT $2[0m  [["username", "max"], ["LIMIT", 1]]
  [1m[36mTRANSACTION (3.0ms)[0m  [1m[31mROLLBACK[0m
  [1m[36mTRANSACTION (0.4ms)[0m  [1m[35mBEGIN[0m
  [1m[36mUser Exists? (0.5ms)[0m  [1m[34mSELECT 1 AS one FROM "users" WHERE "users"."username" = $1 LIMIT $2[0m  [["username", "jordy"], ["LIMIT", 1]]
  [1m[36mTRANSACTION (0.4ms)[0m  [1m[31mROLLBACK[0m
  [1m[36mTRANSACTION (0.2ms)[0m  [1m[35mBEGIN[0m
  [1m[36mArtwork Exists? (1.7ms)[0m  [1m[34mSELECT 1 AS one FROM "artworks" WHERE "artworks"."image_url" = $1 LIMIT $2[0m  [["image_url", "/Users/aa_student/Downloads/W6D4/practice-for-ch-rails-art-share-api-long-practice-main/art_share/app/assets/images/Google_Images_2015_logo.svg.png"], ["LIMIT", 1]]
  [1m[36mTRANSACTION (0.2ms)[0m  [1m[31mROLLBACK[0m
  [1m[36mActiveRecord::SchemaMigration Pluck (0.8ms)[0m  [1m[34mSELECT "schema_migrations"."version" FROM "schema_migrations" ORDER BY "schema_migrations"."version" ASC[0m
  [1m[36mTRANSACTION (0.2ms)[0m  [1m[35mBEGIN[0m
  [1m[36mUser Exists? (1.3ms)[0m  [1m[34mSELECT 1 AS one FROM "users" WHERE "users"."username" = $1 LIMIT $2[0m  [["username", "max"], ["LIMIT", 1]]
  [1m[36mTRANSACTION (0.3ms)[0m  [1m[31mROLLBACK[0m
  [1m[36mTRANSACTION (0.5ms)[0m  [1m[35mBEGIN[0m
  [1m[36mUser Exists? (0.4ms)[0m  [1m[34mSELECT 1 AS one FROM "users" WHERE "users"."username" = $1 LIMIT $2[0m  [["username", "jordy"], ["LIMIT", 1]]
  [1m[36mTRANSACTION (0.2ms)[0m  [1m[31mROLLBACK[0m
  [1m[36mTRANSACTION (0.2ms)[0m  [1m[35mBEGIN[0m
  [1m[36mArtwork Exists? (1.0ms)[0m  [1m[34mSELECT 1 AS one FROM "artworks" WHERE "artworks"."image_url" = $1 LIMIT $2[0m  [["image_url", "/Users/aa_student/Downloads/W6D4/practice-for-ch-rails-art-share-api-long-practice-main/art_share/app/assets/images/Google_Images_2015_logo.svg.png"], ["LIMIT", 1]]
  [1m[36mUser Load (0.4ms)[0m  [1m[34mSELECT "users".* FROM "users" WHERE "users"."id" = $1 LIMIT $2[0m  [["id", 2], ["LIMIT", 1]]
  [1m[36mArtwork Create (3.6ms)[0m  [1m[32mINSERT INTO "artworks" ("title", "image_url", "artist_id", "created_at", "updated_at") VALUES ($1, $2, $3, $4, $5) RETURNING "id"[0m  [["title", "google logo"], ["image_url", "/Users/aa_student/Downloads/W6D4/practice-for-ch-rails-art-share-api-long-practice-main/art_share/app/assets/images/Google_Images_2015_logo.svg.png"], ["artist_id", 2], ["created_at", "2023-06-08 17:57:48.367081"], ["updated_at", "2023-06-08 17:57:48.367081"]]
  [1m[36mTRANSACTION (1.7ms)[0m  [1m[35mCOMMIT[0m
  [1m[36mTRANSACTION (0.2ms)[0m  [1m[35mBEGIN[0m
  [1m[36mArtwork Exists? (0.5ms)[0m  [1m[34mSELECT 1 AS one FROM "artworks" WHERE "artworks"."image_url" = $1 LIMIT $2[0m  [["image_url", "/Users/aa_student/Downloads/W6D4/practice-for-ch-rails-art-share-api-long-practice-main/art_share/app/assets/images/6269b3a19f67fd137a262d0a_A Logo Main - Red.svg"], ["LIMIT", 1]]
  [1m[36mUser Load (0.4ms)[0m  [1m[34mSELECT "users".* FROM "users" WHERE "users"."id" = $1 LIMIT $2[0m  [["id", 3], ["LIMIT", 1]]
  [1m[36mArtwork Create (0.7ms)[0m  [1m[32mINSERT INTO "artworks" ("title", "image_url", "artist_id", "created_at", "updated_at") VALUES ($1, $2, $3, $4, $5) RETURNING "id"[0m  [["title", "app academy logo"], ["image_url", "/Users/aa_student/Downloads/W6D4/practice-for-ch-rails-art-share-api-long-practice-main/art_share/app/assets/images/6269b3a19f67fd137a262d0a_A Logo Main - Red.svg"], ["artist_id", 3], ["created_at", "2023-06-08 17:57:48.387361"], ["updated_at", "2023-06-08 17:57:48.387361"]]
  [1m[36mTRANSACTION (2.3ms)[0m  [1m[35mCOMMIT[0m
Started GET "/users" for ::1 at 2023-06-08 13:58:35 -0400
  [1m[36mActiveRecord::SchemaMigration Pluck (6.4ms)[0m  [1m[34mSELECT "schema_migrations"."version" FROM "schema_migrations" ORDER BY "schema_migrations"."version" ASC[0m
Processing by UsersController#index as */*
  Parameters: {"user"=>{"username"=>"max"}}
  [1m[36mUser Load (1.4ms)[0m  [1m[34mSELECT "users".* FROM "users"[0m
  ↳ app/controllers/users_controller.rb:6:in `index'
Completed 200 OK in 216ms (Views: 48.7ms | ActiveRecord: 17.6ms | Allocations: 7061)


Started GET "/artworks" for ::1 at 2023-06-08 13:58:49 -0400
Processing by ArtworksController#index as */*
  Parameters: {"user"=>{"username"=>"max"}}
  [1m[36mArtwork Load (2.6ms)[0m  [1m[34mSELECT "artworks".* FROM "artworks"[0m
  ↳ app/controllers/artworks_controller.rb:4:in `index'
Completed 200 OK in 105ms (Views: 34.1ms | ActiveRecord: 14.2ms | Allocations: 5462)


  [1m[35m (1178.3ms)[0m  [1m[35mCREATE DATABASE "art_share_development" ENCODING = 'unicode'[0m
  [1m[35m (342.0ms)[0m  [1m[35mCREATE DATABASE "art_share_test" ENCODING = 'unicode'[0m
  [1m[35m (36.8ms)[0m  [1m[35mCREATE TABLE "schema_migrations" ("version" character varying NOT NULL PRIMARY KEY)[0m
  [1m[35m (6.4ms)[0m  [1m[35mCREATE TABLE "ar_internal_metadata" ("key" character varying NOT NULL PRIMARY KEY, "value" character varying, "created_at" timestamp(6) NOT NULL, "updated_at" timestamp(6) NOT NULL)[0m
  [1m[36mActiveRecord::SchemaMigration Pluck (1.1ms)[0m  [1m[34mSELECT "schema_migrations"."version" FROM "schema_migrations" ORDER BY "schema_migrations"."version" ASC[0m
  [1m[35m (0.5ms)[0m  [1m[34mSELECT pg_try_advisory_lock(1682527628878363470)[0m
  [1m[36mActiveRecord::SchemaMigration Pluck (1.6ms)[0m  [1m[34mSELECT "schema_migrations"."version" FROM "schema_migrations" ORDER BY "schema_migrations"."version" ASC[0m
Migrating to CreateUsers (20230608144411)
  [1m[36mTRANSACTION (1.4ms)[0m  [1m[35mBEGIN[0m
  [1m[35m (12.0ms)[0m  [1m[35mCREATE TABLE "users" ("id" bigserial primary key, "username" character varying NOT NULL, "created_at" timestamp(6) NOT NULL, "updated_at" timestamp(6) NOT NULL)[0m
  [1m[35m (3.2ms)[0m  [1m[35mCREATE UNIQUE INDEX "index_users_on_username" ON "users" ("username")[0m
  [1m[36mActiveRecord::SchemaMigration Create (4.9ms)[0m  [1m[32mINSERT INTO "schema_migrations" ("version") VALUES ($1) RETURNING "version"[0m  [["version", "20230608144411"]]
  [1m[36mTRANSACTION (1.1ms)[0m  [1m[35mCOMMIT[0m
Migrating to CreateArtworks (20230608151826)
  [1m[36mTRANSACTION (0.5ms)[0m  [1m[35mBEGIN[0m
  [1m[35m (17.3ms)[0m  [1m[35mCREATE TABLE "artworks" ("id" bigserial primary key, "title" character varying NOT NULL, "image_url" character varying NOT NULL, "artist_id" bigint NOT NULL, "created_at" timestamp(6) NOT NULL, "updated_at" timestamp(6) NOT NULL, CONSTRAINT "fk_rails_61f542e710"
FOREIGN KEY ("artist_id")
  REFERENCES "users" ("id")
)[0m
  [1m[35m (3.0ms)[0m  [1m[35mCREATE UNIQUE INDEX "index_artworks_on_image_url" ON "artworks" ("image_url")[0m
  [1m[35m (3.1ms)[0m  [1m[35mCREATE INDEX "index_artworks_on_artist_id" ON "artworks" ("artist_id")[0m
  [1m[35m (2.3ms)[0m  [1m[35mCREATE UNIQUE INDEX "index_artworks_on_title_and_artist_id" ON "artworks" ("title", "artist_id")[0m
  [1m[36mActiveRecord::SchemaMigration Create (2.2ms)[0m  [1m[32mINSERT INTO "schema_migrations" ("version") VALUES ($1) RETURNING "version"[0m  [["version", "20230608151826"]]
  [1m[36mTRANSACTION (1.0ms)[0m  [1m[35mCOMMIT[0m
Migrating to CreateArtworkShares (20230608153542)
  [1m[36mTRANSACTION (0.6ms)[0m  [1m[35mBEGIN[0m
  [1m[35m (5.1ms)[0m  [1m[35mCREATE TABLE "artwork_shares" ("id" bigserial primary key, "artwork_id" bigint NOT NULL, "viewer_id" bigint NOT NULL, "created_at" timestamp(6) NOT NULL, "updated_at" timestamp(6) NOT NULL, CONSTRAINT "fk_rails_f5efbe8cf6"
FOREIGN KEY ("artwork_id")
  REFERENCES "artworks" ("id")
, CONSTRAINT "fk_rails_abdcd9d49f"
FOREIGN KEY ("viewer_id")
  REFERENCES "users" ("id")
)[0m
  [1m[35m (1.7ms)[0m  [1m[35mCREATE INDEX "index_artwork_shares_on_artwork_id" ON "artwork_shares" ("artwork_id")[0m
  [1m[35m (1.8ms)[0m  [1m[35mCREATE INDEX "index_artwork_shares_on_viewer_id" ON "artwork_shares" ("viewer_id")[0m
  [1m[36mActiveRecord::SchemaMigration Create (0.4ms)[0m  [1m[32mINSERT INTO "schema_migrations" ("version") VALUES ($1) RETURNING "version"[0m  [["version", "20230608153542"]]
  [1m[36mTRANSACTION (0.7ms)[0m  [1m[35mCOMMIT[0m
Migrating to UpdateArtworkShares (20230608154428)
  [1m[36mTRANSACTION (0.8ms)[0m  [1m[35mBEGIN[0m
  [1m[35m (4.5ms)[0m  [1m[35mCREATE UNIQUE INDEX "index_artwork_shares_on_artwork_id_and_viewer_id" ON "artwork_shares" ("artwork_id", "viewer_id")[0m
  [1m[36mActiveRecord::SchemaMigration Create (0.6ms)[0m  [1m[32mINSERT INTO "schema_migrations" ("version") VALUES ($1) RETURNING "version"[0m  [["version", "20230608154428"]]
  [1m[36mTRANSACTION (0.6ms)[0m  [1m[35mCOMMIT[0m
  [1m[36mActiveRecord::InternalMetadata Load (1.3ms)[0m  [1m[34mSELECT "ar_internal_metadata".* FROM "ar_internal_metadata" WHERE "ar_internal_metadata"."key" = $1 LIMIT $2[0m  [["key", "environment"], ["LIMIT", 1]]
  [1m[36mTRANSACTION (0.3ms)[0m  [1m[35mBEGIN[0m
  [1m[36mActiveRecord::InternalMetadata Create (1.7ms)[0m  [1m[32mINSERT INTO "ar_internal_metadata" ("key", "value", "created_at", "updated_at") VALUES ($1, $2, $3, $4) RETURNING "key"[0m  [["key", "environment"], ["value", "development"], ["created_at", "2023-06-08 18:30:55.287147"], ["updated_at", "2023-06-08 18:30:55.287147"]]
  [1m[36mTRANSACTION (0.6ms)[0m  [1m[35mCOMMIT[0m
  [1m[35m (0.5ms)[0m  [1m[34mSELECT pg_advisory_unlock(1682527628878363470)[0m
  [1m[36mActiveRecord::SchemaMigration Pluck (2.2ms)[0m  [1m[34mSELECT "schema_migrations"."version" FROM "schema_migrations" ORDER BY "schema_migrations"."version" ASC[0m
  [1m[36mActiveRecord::SchemaMigration Pluck (1.2ms)[0m  [1m[34mSELECT "schema_migrations"."version" FROM "schema_migrations" ORDER BY "schema_migrations"."version" ASC[0m
  [1m[36mTRANSACTION (0.4ms)[0m  [1m[35mBEGIN[0m
  [1m[36mUser Exists? (2.2ms)[0m  [1m[34mSELECT 1 AS one FROM "users" WHERE "users"."username" = $1 LIMIT $2[0m  [["username", "max"], ["LIMIT", 1]]
  [1m[36mUser Create (2.0ms)[0m  [1m[32mINSERT INTO "users" ("username", "created_at", "updated_at") VALUES ($1, $2, $3) RETURNING "id"[0m  [["username", "max"], ["created_at", "2023-06-08 18:31:15.513303"], ["updated_at", "2023-06-08 18:31:15.513303"]]
  [1m[36mTRANSACTION (1.2ms)[0m  [1m[35mCOMMIT[0m
  [1m[36mTRANSACTION (1.0ms)[0m  [1m[35mBEGIN[0m
  [1m[36mUser Exists? (1.0ms)[0m  [1m[34mSELECT 1 AS one FROM "users" WHERE "users"."username" = $1 LIMIT $2[0m  [["username", "jordy"], ["LIMIT", 1]]
  [1m[36mUser Create (0.6ms)[0m  [1m[32mINSERT INTO "users" ("username", "created_at", "updated_at") VALUES ($1, $2, $3) RETURNING "id"[0m  [["username", "jordy"], ["created_at", "2023-06-08 18:31:15.531323"], ["updated_at", "2023-06-08 18:31:15.531323"]]
  [1m[36mTRANSACTION (0.7ms)[0m  [1m[35mCOMMIT[0m
  [1m[36mTRANSACTION (0.2ms)[0m  [1m[35mBEGIN[0m
  [1m[36mArtwork Exists? (2.8ms)[0m  [1m[34mSELECT 1 AS one FROM "artworks" WHERE "artworks"."image_url" = $1 LIMIT $2[0m  [["image_url", "/Users/aa_student/Downloads/W6D4/practice-for-ch-rails-art-share-api-long-practice-main/art_share/app/assets/images/Google_Images_2015_logo.svg.png"], ["LIMIT", 1]]
  [1m[36mUser Load (0.6ms)[0m  [1m[34mSELECT "users".* FROM "users" WHERE "users"."id" = $1 LIMIT $2[0m  [["id", 2], ["LIMIT", 1]]
  [1m[36mArtwork Create (8.5ms)[0m  [1m[32mINSERT INTO "artworks" ("title", "image_url", "artist_id", "created_at", "updated_at") VALUES ($1, $2, $3, $4, $5) RETURNING "id"[0m  [["title", "google logo"], ["image_url", "/Users/aa_student/Downloads/W6D4/practice-for-ch-rails-art-share-api-long-practice-main/art_share/app/assets/images/Google_Images_2015_logo.svg.png"], ["artist_id", 2], ["created_at", "2023-06-08 18:31:15.619630"], ["updated_at", "2023-06-08 18:31:15.619630"]]
  [1m[36mTRANSACTION (0.5ms)[0m  [1m[35mCOMMIT[0m
  [1m[36mTRANSACTION (0.3ms)[0m  [1m[35mBEGIN[0m
  [1m[36mArtwork Exists? (0.7ms)[0m  [1m[34mSELECT 1 AS one FROM "artworks" WHERE "artworks"."image_url" = $1 LIMIT $2[0m  [["image_url", "/Users/aa_student/Downloads/W6D4/practice-for-ch-rails-art-share-api-long-practice-main/art_share/app/assets/images/6269b3a19f67fd137a262d0a_A Logo Main - Red.svg"], ["LIMIT", 1]]
  [1m[36mUser Load (0.7ms)[0m  [1m[34mSELECT "users".* FROM "users" WHERE "users"."id" = $1 LIMIT $2[0m  [["id", 3], ["LIMIT", 1]]
  [1m[36mTRANSACTION (0.5ms)[0m  [1m[31mROLLBACK[0m
  [1m[36mTRANSACTION (0.3ms)[0m  [1m[35mBEGIN[0m
  [1m[36mArtwork Load (1.5ms)[0m  [1m[34mSELECT "artworks".* FROM "artworks" WHERE "artworks"."id" = $1 LIMIT $2[0m  [["id", 1], ["LIMIT", 1]]
  [1m[36mTRANSACTION (1.0ms)[0m  [1m[31mROLLBACK[0m
  [1m[36mTRANSACTION (0.5ms)[0m  [1m[35mBEGIN[0m
  [1m[36mUser Load (0.5ms)[0m  [1m[34mSELECT "users".* FROM "users" WHERE "users"."id" = $1 LIMIT $2[0m  [["id", 3], ["LIMIT", 1]]
  [1m[36mTRANSACTION (0.6ms)[0m  [1m[31mROLLBACK[0m
Started GET "/users" for ::1 at 2023-06-08 14:31:55 -0400
  [1m[36mActiveRecord::SchemaMigration Pluck (11.1ms)[0m  [1m[34mSELECT "schema_migrations"."version" FROM "schema_migrations" ORDER BY "schema_migrations"."version" ASC[0m
Processing by UsersController#index as */*
  Parameters: {"user"=>{"first_name"=>"Jordyfs", "last_name"=>"CORPORANfs", "password"=>"[FILTERED]", "email"=>"123@gmail.cohhhsfs"}}
  [1m[36mUser Load (1.3ms)[0m  [1m[34mSELECT "users".* FROM "users"[0m
  ↳ app/controllers/users_controller.rb:6:in `index'
Completed 200 OK in 104ms (Views: 57.4ms | ActiveRecord: 14.2ms | Allocations: 7055)


Started GET "/artwork_shares" for ::1 at 2023-06-08 14:32:38 -0400
  
ActionController::RoutingError (No route matches [GET] "/artwork_shares"):
  
Started GET "/artwork_shares" for ::1 at 2023-06-08 14:33:37 -0400
  
ActionController::RoutingError (No route matches [GET] "/artwork_shares"):
  
Started GET "/user/1" for ::1 at 2023-06-08 14:34:33 -0400
  
ActionController::RoutingError (No route matches [GET] "/user/1"):
  
Started GET "/users/1" for ::1 at 2023-06-08 14:34:44 -0400
Processing by UsersController#show as */*
  Parameters: {"id"=>"1"}
  [1m[36mUser Load (14.5ms)[0m  [1m[34mSELECT "users".* FROM "users" WHERE "users"."id" = $1 LIMIT $2[0m  [["id", 1], ["LIMIT", 1]]
  ↳ app/controllers/users_controller.rb:19:in `show'
Completed 200 OK in 64ms (Views: 0.7ms | ActiveRecord: 23.6ms | Allocations: 3735)


Started GET "/users/1/artworks" for ::1 at 2023-06-08 14:34:57 -0400
Processing by ArtworksController#index as */*
  Parameters: {"user_id"=>"1"}
  [1m[36mUser Load (0.5ms)[0m  [1m[34mSELECT "users".* FROM "users" WHERE "users"."id" = $1 LIMIT $2[0m  [["id", 1], ["LIMIT", 1]]
  ↳ app/controllers/artworks_controller.rb:3:in `index'
  [1m[36mArtwork Load (4.8ms)[0m  [1m[34mSELECT "artworks".* FROM "artworks" WHERE "artworks"."artist_id" = $1[0m  [["artist_id", 1]]
  ↳ app/controllers/artworks_controller.rb:4:in `index'
  [1m[36mArtwork Load (14.0ms)[0m  [1m[34mSELECT "artworks".* FROM "artworks" INNER JOIN "artwork_shares" ON "artworks"."id" = "artwork_shares"."artwork_id" WHERE "artwork_shares"."viewer_id" = $1[0m  [["viewer_id", 1]]
  ↳ app/controllers/artworks_controller.rb:4:in `index'
Completed 200 OK in 166ms (Views: 0.3ms | ActiveRecord: 29.8ms | Allocations: 15831)


Started GET "/users/2/artworks" for ::1 at 2023-06-08 14:35:07 -0400
Processing by ArtworksController#index as */*
  Parameters: {"user_id"=>"2"}
  [1m[36mUser Load (0.4ms)[0m  [1m[34mSELECT "users".* FROM "users" WHERE "users"."id" = $1 LIMIT $2[0m  [["id", 2], ["LIMIT", 1]]
  ↳ app/controllers/artworks_controller.rb:3:in `index'
  [1m[36mArtwork Load (0.5ms)[0m  [1m[34mSELECT "artworks".* FROM "artworks" WHERE "artworks"."artist_id" = $1[0m  [["artist_id", 2]]
  ↳ app/controllers/artworks_controller.rb:4:in `index'
  [1m[36mArtwork Load (0.9ms)[0m  [1m[34mSELECT "artworks".* FROM "artworks" INNER JOIN "artwork_shares" ON "artworks"."id" = "artwork_shares"."artwork_id" WHERE "artwork_shares"."viewer_id" = $1[0m  [["viewer_id", 2]]
  ↳ app/controllers/artworks_controller.rb:4:in `index'
Completed 200 OK in 40ms (Views: 0.9ms | ActiveRecord: 1.9ms | Allocations: 5211)


Started GET "/users/3/artworks" for ::1 at 2023-06-08 14:35:20 -0400
Processing by ArtworksController#index as */*
  Parameters: {"user_id"=>"3"}
  [1m[36mUser Load (1.1ms)[0m  [1m[34mSELECT "users".* FROM "users" WHERE "users"."id" = $1 LIMIT $2[0m  [["id", 3], ["LIMIT", 1]]
  ↳ app/controllers/artworks_controller.rb:3:in `index'
Completed 404 Not Found in 5ms (ActiveRecord: 1.1ms | Allocations: 1098)



ActiveRecord::RecordNotFound - Couldn't find User with 'id'=3:
  app/controllers/artworks_controller.rb:3:in `index'

  [1m[36mActiveRecord::SchemaMigration Pluck (1.1ms)[0m  [1m[34mSELECT "schema_migrations"."version" FROM "schema_migrations" ORDER BY "schema_migrations"."version" ASC[0m
  [1m[36mTRANSACTION (0.5ms)[0m  [1m[35mBEGIN[0m
  [1m[36mUser Exists? (3.2ms)[0m  [1m[34mSELECT 1 AS one FROM "users" WHERE "users"."username" = $1 LIMIT $2[0m  [["username", "max"], ["LIMIT", 1]]
  [1m[36mTRANSACTION (0.6ms)[0m  [1m[31mROLLBACK[0m
  [1m[36mTRANSACTION (0.4ms)[0m  [1m[35mBEGIN[0m
  [1m[36mUser Exists? (0.6ms)[0m  [1m[34mSELECT 1 AS one FROM "users" WHERE "users"."username" = $1 LIMIT $2[0m  [["username", "jordy"], ["LIMIT", 1]]
  [1m[36mTRANSACTION (0.8ms)[0m  [1m[31mROLLBACK[0m
  [1m[36mTRANSACTION (2.1ms)[0m  [1m[35mBEGIN[0m
  [1m[36mArtwork Exists? (1.7ms)[0m  [1m[34mSELECT 1 AS one FROM "artworks" WHERE "artworks"."image_url" = $1 LIMIT $2[0m  [["image_url", "/Users/aa_student/Downloads/W6D4/practice-for-ch-rails-art-share-api-long-practice-main/art_share/app/assets/images/Google_Images_2015_logo.svg.png"], ["LIMIT", 1]]
  [1m[36mUser Load (1.0ms)[0m  [1m[34mSELECT "users".* FROM "users" WHERE "users"."id" = $1 LIMIT $2[0m  [["id", 1], ["LIMIT", 1]]
  [1m[36mTRANSACTION (0.3ms)[0m  [1m[31mROLLBACK[0m
  [1m[36mTRANSACTION (0.4ms)[0m  [1m[35mBEGIN[0m
  [1m[36mArtwork Exists? (0.6ms)[0m  [1m[34mSELECT 1 AS one FROM "artworks" WHERE "artworks"."image_url" = $1 LIMIT $2[0m  [["image_url", "/Users/aa_student/Downloads/W6D4/practice-for-ch-rails-art-share-api-long-practice-main/art_share/app/assets/images/6269b3a19f67fd137a262d0a_A Logo Main - Red.svg"], ["LIMIT", 1]]
  [1m[36mUser Load (0.8ms)[0m  [1m[34mSELECT "users".* FROM "users" WHERE "users"."id" = $1 LIMIT $2[0m  [["id", 2], ["LIMIT", 1]]
  [1m[36mArtwork Create (1.7ms)[0m  [1m[32mINSERT INTO "artworks" ("title", "image_url", "artist_id", "created_at", "updated_at") VALUES ($1, $2, $3, $4, $5) RETURNING "id"[0m  [["title", "app academy logo"], ["image_url", "/Users/aa_student/Downloads/W6D4/practice-for-ch-rails-art-share-api-long-practice-main/art_share/app/assets/images/6269b3a19f67fd137a262d0a_A Logo Main - Red.svg"], ["artist_id", 2], ["created_at", "2023-06-08 18:36:28.771644"], ["updated_at", "2023-06-08 18:36:28.771644"]]
  [1m[36mTRANSACTION (1.0ms)[0m  [1m[35mCOMMIT[0m
  [1m[36mTRANSACTION (0.3ms)[0m  [1m[35mBEGIN[0m
  [1m[36mArtwork Load (0.7ms)[0m  [1m[34mSELECT "artworks".* FROM "artworks" WHERE "artworks"."id" = $1 LIMIT $2[0m  [["id", 1], ["LIMIT", 1]]
  [1m[36mTRANSACTION (0.4ms)[0m  [1m[31mROLLBACK[0m
  [1m[36mTRANSACTION (0.3ms)[0m  [1m[35mBEGIN[0m
  [1m[36mUser Load (0.4ms)[0m  [1m[34mSELECT "users".* FROM "users" WHERE "users"."id" = $1 LIMIT $2[0m  [["id", 2], ["LIMIT", 1]]
  [1m[36mTRANSACTION (0.3ms)[0m  [1m[31mROLLBACK[0m
Started GET "/users/2/artworks" for ::1 at 2023-06-08 14:36:47 -0400
Processing by ArtworksController#index as */*
  Parameters: {"user_id"=>"2"}
  [1m[36mUser Load (7.0ms)[0m  [1m[34mSELECT "users".* FROM "users" WHERE "users"."id" = $1 LIMIT $2[0m  [["id", 2], ["LIMIT", 1]]
  ↳ app/controllers/artworks_controller.rb:3:in `index'
  [1m[36mArtwork Load (1.1ms)[0m  [1m[34mSELECT "artworks".* FROM "artworks" WHERE "artworks"."artist_id" = $1[0m  [["artist_id", 2]]
  ↳ app/controllers/artworks_controller.rb:4:in `index'
  [1m[36mArtwork Load (1.4ms)[0m  [1m[34mSELECT "artworks".* FROM "artworks" INNER JOIN "artwork_shares" ON "artworks"."id" = "artwork_shares"."artwork_id" WHERE "artwork_shares"."viewer_id" = $1[0m  [["viewer_id", 2]]
  ↳ app/controllers/artworks_controller.rb:4:in `index'
Completed 200 OK in 35ms (Views: 4.3ms | ActiveRecord: 9.5ms | Allocations: 2201)


  [1m[35m (0.8ms)[0m  [1m[34mSELECT pg_try_advisory_lock(1682527628878363470)[0m
  [1m[36mActiveRecord::SchemaMigration Pluck (2.3ms)[0m  [1m[34mSELECT "schema_migrations"."version" FROM "schema_migrations" ORDER BY "schema_migrations"."version" ASC[0m
Migrating to CreateComments (20230608185201)
  [1m[36mTRANSACTION (9.3ms)[0m  [1m[35mBEGIN[0m
  [1m[35m (26.2ms)[0m  [1m[35mCREATE TABLE "comments" ("id" bigserial primary key, "body" text NOT NULL, "author_id" bigint NOT NULL, "artwork_id" bigint NOT NULL, "created_at" timestamp(6) NOT NULL, "updated_at" timestamp(6) NOT NULL, CONSTRAINT "fk_rails_f44b1e3c8a"
FOREIGN KEY ("author_id")
  REFERENCES "users" ("id")
, CONSTRAINT "fk_rails_cd464612c2"
FOREIGN KEY ("artwork_id")
  REFERENCES "artworks" ("id")
)[0m
  [1m[35m (16.9ms)[0m  [1m[35mCREATE INDEX "index_comments_on_author_id" ON "comments" ("author_id")[0m
  [1m[35m (35.3ms)[0m  [1m[35mCREATE INDEX "index_comments_on_artwork_id" ON "comments" ("artwork_id")[0m
  [1m[36mActiveRecord::SchemaMigration Create (1.6ms)[0m  [1m[32mINSERT INTO "schema_migrations" ("version") VALUES ($1) RETURNING "version"[0m  [["version", "20230608185201"]]
  [1m[36mTRANSACTION (1.4ms)[0m  [1m[35mCOMMIT[0m
  [1m[36mActiveRecord::InternalMetadata Load (2.8ms)[0m  [1m[34mSELECT "ar_internal_metadata".* FROM "ar_internal_metadata" WHERE "ar_internal_metadata"."key" = $1 LIMIT $2[0m  [["key", "environment"], ["LIMIT", 1]]
  [1m[35m (0.8ms)[0m  [1m[34mSELECT pg_advisory_unlock(1682527628878363470)[0m
  [1m[36mActiveRecord::SchemaMigration Pluck (5.8ms)[0m  [1m[34mSELECT "schema_migrations"."version" FROM "schema_migrations" ORDER BY "schema_migrations"."version" ASC[0m
  [1m[36mActiveRecord::SchemaMigration Pluck (3.1ms)[0m  [1m[34mSELECT "schema_migrations"."version" FROM "schema_migrations" ORDER BY "schema_migrations"."version" ASC[0m
Started GET "/user/?username=%22jordy%22" for ::1 at 2023-06-08 16:20:43 -0400
  [1m[36mActiveRecord::SchemaMigration Pluck (2.9ms)[0m  [1m[34mSELECT "schema_migrations"."version" FROM "schema_migrations" ORDER BY "schema_migrations"."version" ASC[0m
  [1m[36mCACHE ActiveRecord::SchemaMigration Pluck (0.3ms)[0m  [1m[34mSELECT "schema_migrations"."version" FROM "schema_migrations" ORDER BY "schema_migrations"."version" ASC[0m

ActiveRecord::PendingMigrationError - Migrations are pending. To resolve this issue, run:
        bin/rails db:migrate RAILS_ENV=development
You have 1 pending migration:
20230608185201_create_comments.rb:

  [1m[35m (0.3ms)[0m  [1m[34mSELECT pg_try_advisory_lock(1682527628878363470)[0m
  [1m[36mActiveRecord::SchemaMigration Pluck (1.5ms)[0m  [1m[34mSELECT "schema_migrations"."version" FROM "schema_migrations" ORDER BY "schema_migrations"."version" ASC[0m
Migrating to CreateComments (20230608185201)
  [1m[36mTRANSACTION (0.2ms)[0m  [1m[35mBEGIN[0m
  [1m[35m (32.5ms)[0m  [1m[35mCREATE TABLE "comments" ("id" bigserial primary key, "body" text NOT NULL, "author_id" bigint NOT NULL, "artwork_id" bigint NOT NULL, "created_at" timestamp(6) NOT NULL, "updated_at" timestamp(6) NOT NULL, CONSTRAINT "fk_rails_f44b1e3c8a"
FOREIGN KEY ("author_id")
  REFERENCES "users" ("id")
, CONSTRAINT "fk_rails_cd464612c2"
FOREIGN KEY ("artwork_id")
  REFERENCES "artworks" ("id")
)[0m
  [1m[35m (2.5ms)[0m  [1m[35mCREATE INDEX "index_comments_on_author_id" ON "comments" ("author_id")[0m
  [1m[35m (2.7ms)[0m  [1m[35mCREATE INDEX "index_comments_on_artwork_id" ON "comments" ("artwork_id")[0m
  [1m[36mActiveRecord::SchemaMigration Create (1.8ms)[0m  [1m[32mINSERT INTO "schema_migrations" ("version") VALUES ($1) RETURNING "version"[0m  [["version", "20230608185201"]]
  [1m[36mTRANSACTION (5.2ms)[0m  [1m[35mCOMMIT[0m
  [1m[36mActiveRecord::InternalMetadata Load (1.1ms)[0m  [1m[34mSELECT "ar_internal_metadata".* FROM "ar_internal_metadata" WHERE "ar_internal_metadata"."key" = $1 LIMIT $2[0m  [["key", "environment"], ["LIMIT", 1]]
  [1m[35m (0.7ms)[0m  [1m[34mSELECT pg_advisory_unlock(1682527628878363470)[0m
  [1m[36mActiveRecord::SchemaMigration Pluck (1.5ms)[0m  [1m[34mSELECT "schema_migrations"."version" FROM "schema_migrations" ORDER BY "schema_migrations"."version" ASC[0m
Started GET "/user/?username=%22jordy%22" for ::1 at 2023-06-08 16:22:13 -0400
  [1m[36mActiveRecord::SchemaMigration Pluck (35.8ms)[0m  [1m[34mSELECT "schema_migrations"."version" FROM "schema_migrations" ORDER BY "schema_migrations"."version" ASC[0m
  
ActionController::RoutingError (No route matches [GET] "/user"):
  
Started GET "/users/?username=%22jordy%22" for ::1 at 2023-06-08 16:22:47 -0400
Processing by UsersController#index as */*
  Parameters: {"user"=>{"username"=>"max"}, "username"=>"\"jordy\""}
Started GET "/users/" for ::1 at 2023-06-08 16:25:17 -0400
  [1m[36mActiveRecord::SchemaMigration Pluck (1.0ms)[0m  [1m[34mSELECT "schema_migrations"."version" FROM "schema_migrations" ORDER BY "schema_migrations"."version" ASC[0m
Processing by UsersController#index as */*
  Parameters: {"user"=>{"username"=>"max"}}
Started GET "/users/" for ::1 at 2023-06-08 16:26:37 -0400
  [1m[36mActiveRecord::SchemaMigration Pluck (1.8ms)[0m  [1m[34mSELECT "schema_migrations"."version" FROM "schema_migrations" ORDER BY "schema_migrations"."version" ASC[0m
Processing by UsersController#index as */*
Started GET "/users/?username=%22jordy%22" for ::1 at 2023-06-08 16:27:25 -0400
  [1m[36mActiveRecord::SchemaMigration Pluck (1.0ms)[0m  [1m[34mSELECT "schema_migrations"."version" FROM "schema_migrations" ORDER BY "schema_migrations"."version" ASC[0m
Processing by UsersController#index as */*
  Parameters: {"username"=>"\"jordy\""}
Started GET "/users/?username=jordy" for ::1 at 2023-06-08 16:28:29 -0400
  [1m[36mActiveRecord::SchemaMigration Pluck (1.0ms)[0m  [1m[34mSELECT "schema_migrations"."version" FROM "schema_migrations" ORDER BY "schema_migrations"."version" ASC[0m
Processing by UsersController#index as */*
  Parameters: {"username"=>"jordy"}
Started GET "/users/?username=jordy" for ::1 at 2023-06-08 16:39:49 -0400
  [1m[36mActiveRecord::SchemaMigration Pluck (2.6ms)[0m  [1m[34mSELECT "schema_migrations"."version" FROM "schema_migrations" ORDER BY "schema_migrations"."version" ASC[0m
Processing by UsersController#index as */*
  Parameters: {"username"=>"jordy"}
  [1m[36mUser Load (3.4ms)[0m  [1m[34mSELECT "users".* FROM "users" WHERE "users"."username" = $1 LIMIT $2[0m  [["username", "jordy"], ["LIMIT", 1]]
  ↳ app/controllers/users_controller.rb:9:in `index'
Completed 200 OK in 119ms (Views: 1.8ms | ActiveRecord: 31.4ms | Allocations: 9368)


Started GET "/users/?username=max" for ::1 at 2023-06-08 16:40:06 -0400
Processing by UsersController#index as */*
  Parameters: {"username"=>"max"}
  [1m[36mUser Load (4.9ms)[0m  [1m[34mSELECT "users".* FROM "users" WHERE "users"."username" = $1 LIMIT $2[0m  [["username", "max"], ["LIMIT", 1]]
  ↳ app/controllers/users_controller.rb:9:in `index'
Completed 200 OK in 12ms (Views: 0.7ms | ActiveRecord: 4.9ms | Allocations: 718)


Started GET "/users/?username=maxine" for ::1 at 2023-06-08 16:40:18 -0400
Processing by UsersController#index as */*
  Parameters: {"username"=>"maxine"}
  [1m[36mUser Load (6.0ms)[0m  [1m[34mSELECT "users".* FROM "users" WHERE "users"."username" = $1 LIMIT $2[0m  [["username", "maxine"], ["LIMIT", 1]]
  ↳ app/controllers/users_controller.rb:9:in `index'
  [1m[36mUser Load (4.1ms)[0m  [1m[34mSELECT "users".* FROM "users"[0m
  ↳ app/controllers/users_controller.rb:14:in `index'
Completed 200 OK in 32ms (Views: 8.3ms | ActiveRecord: 10.1ms | Allocations: 1404)


Started GET "/users/?username=maxine" for ::1 at 2023-06-08 16:45:07 -0400
Processing by UsersController#index as */*
  Parameters: {"username"=>"maxine"}
  [1m[36mUser Load (2.8ms)[0m  [1m[34mSELECT "users".* FROM "users" WHERE "users"."username" = $1 LIMIT $2[0m  [["username", "maxine"], ["LIMIT", 1]]
  ↳ app/controllers/users_controller.rb:9:in `index'
Completed 404 Not Found in 166ms (ActiveRecord: 34.1ms | Allocations: 3774)



ActiveRecord::RecordNotFound - Couldn't find User with [WHERE "users"."username" = $1]:
  app/controllers/users_controller.rb:9:in `index'

Started GET "/users/?username=maxine" for ::1 at 2023-06-08 16:46:36 -0400
Processing by UsersController#index as */*
  Parameters: {"username"=>"maxine"}
  [1m[36mUser Load (0.4ms)[0m  [1m[34mSELECT "users".* FROM "users" WHERE "users"."username" = $1 LIMIT $2[0m  [["username", "maxine"], ["LIMIT", 1]]
  ↳ app/controllers/users_controller.rb:9:in `index'
Completed 404 Not Found in 202ms (ActiveRecord: 64.7ms | Allocations: 3744)



ActiveRecord::RecordNotFound - Couldn't find User with [WHERE "users"."username" = $1]:
  app/controllers/users_controller.rb:9:in `index'

Started GET "/users/?username=maxine" for ::1 at 2023-06-08 16:47:11 -0400
Processing by UsersController#index as */*
  Parameters: {"username"=>"maxine"}
  [1m[36mUser Load (0.4ms)[0m  [1m[34mSELECT "users".* FROM "users" WHERE "users"."username" = $1 LIMIT $2[0m  [["username", "maxine"], ["LIMIT", 1]]
  ↳ app/controllers/users_controller.rb:9:in `index'
Completed 404 Not Found in 273ms (ActiveRecord: 53.6ms | Allocations: 3738)



ActiveRecord::RecordNotFound - Couldn't find User with [WHERE "users"."username" = $1]:
  app/controllers/users_controller.rb:9:in `index'

Started GET "/users/?username=max" for ::1 at 2023-06-08 16:47:28 -0400
Processing by UsersController#index as */*
  Parameters: {"username"=>"max"}
  [1m[36mUser Load (4.9ms)[0m  [1m[34mSELECT "users".* FROM "users" WHERE "users"."username" = $1 LIMIT $2[0m  [["username", "max"], ["LIMIT", 1]]
  ↳ app/controllers/users_controller.rb:9:in `index'
Completed 200 OK in 18965ms (Views: 2.9ms | ActiveRecord: 4.9ms | Allocations: 110088)


Started GET "/users/?username=max" for ::1 at 2023-06-08 16:48:40 -0400
  [1m[36mActiveRecord::SchemaMigration Pluck (1.4ms)[0m  [1m[34mSELECT "schema_migrations"."version" FROM "schema_migrations" ORDER BY "schema_migrations"."version" ASC[0m
Processing by UsersController#index as */*
  Parameters: {"username"=>"max"}
  [1m[36mUser Load (2.0ms)[0m  [1m[34mSELECT "users".* FROM "users" WHERE "users"."username" = $1 LIMIT $2[0m  [["username", "max"], ["LIMIT", 1]]
  ↳ app/controllers/users_controller.rb:9:in `index'
Completed 200 OK in 327ms (Views: 1.7ms | ActiveRecord: 33.5ms | Allocations: 9165)


Started GET "/users/?username=max" for ::1 at 2023-06-08 16:49:05 -0400
Processing by UsersController#index as */*
  Parameters: {"username"=>"max"}
  [1m[36mUser Load (0.8ms)[0m  [1m[34mSELECT "users".* FROM "users" WHERE "users"."username" = $1 LIMIT $2[0m  [["username", "max"], ["LIMIT", 1]]
  ↳ app/controllers/users_controller.rb:9:in `index'
Completed 200 OK in 242ms (Views: 15.5ms | ActiveRecord: 54.8ms | Allocations: 4383)


Started GET "/users/?username=maxine" for ::1 at 2023-06-08 16:49:13 -0400
Processing by UsersController#index as */*
  Parameters: {"username"=>"maxine"}
  [1m[36mUser Load (1.5ms)[0m  [1m[34mSELECT "users".* FROM "users" WHERE "users"."username" = $1 LIMIT $2[0m  [["username", "maxine"], ["LIMIT", 1]]
  ↳ app/controllers/users_controller.rb:9:in `index'
Completed 404 Not Found in 9ms (ActiveRecord: 1.5ms | Allocations: 1206)



ActiveRecord::RecordNotFound - Couldn't find User with [WHERE "users"."username" = $1]:
  app/controllers/users_controller.rb:9:in `index'

Started GET "/users/?username=jordy" for ::1 at 2023-06-08 16:49:21 -0400
Processing by UsersController#index as */*
  Parameters: {"username"=>"jordy"}
  [1m[36mUser Load (3.9ms)[0m  [1m[34mSELECT "users".* FROM "users" WHERE "users"."username" = $1 LIMIT $2[0m  [["username", "jordy"], ["LIMIT", 1]]
  ↳ app/controllers/users_controller.rb:9:in `index'
Completed 200 OK in 9ms (Views: 0.8ms | ActiveRecord: 3.9ms | Allocations: 650)


  [1m[35m (0.4ms)[0m  [1m[34mSELECT pg_try_advisory_lock(1682527628878363470)[0m
  [1m[36mActiveRecord::SchemaMigration Pluck (2.0ms)[0m  [1m[34mSELECT "schema_migrations"."version" FROM "schema_migrations" ORDER BY "schema_migrations"."version" ASC[0m
Migrating to CreateLikes (20230608210537)
  [1m[36mTRANSACTION (0.3ms)[0m  [1m[35mBEGIN[0m
  [1m[35m (58.0ms)[0m  [1m[35mCREATE TABLE "likes" ("id" bigserial primary key, "liker_id" bigint NOT NULL, "likeable_type" character varying NOT NULL, "likeable_id" bigint NOT NULL, "created_at" timestamp(6) NOT NULL, "updated_at" timestamp(6) NOT NULL, CONSTRAINT "fk_rails_ad8161ed3a"
FOREIGN KEY ("liker_id")
  REFERENCES "users" ("id")
)[0m
  [1m[35m (2.8ms)[0m  [1m[35mCREATE INDEX "index_likes_on_liker_id" ON "likes" ("liker_id")[0m
  [1m[35m (2.2ms)[0m  [1m[35mCREATE INDEX "index_likes_on_likeable" ON "likes" ("likeable_type", "likeable_id")[0m
  [1m[35m (26.5ms)[0m  [1m[35mCREATE UNIQUE INDEX "index_likes_on_likeable_type_and_likeable_id_and_liker_id" ON "likes" ("likeable_type", "likeable_id", "liker_id")[0m
  [1m[36mActiveRecord::SchemaMigration Create (7.1ms)[0m  [1m[32mINSERT INTO "schema_migrations" ("version") VALUES ($1) RETURNING "version"[0m  [["version", "20230608210537"]]
  [1m[36mTRANSACTION (1.9ms)[0m  [1m[35mCOMMIT[0m
  [1m[36mActiveRecord::InternalMetadata Load (0.5ms)[0m  [1m[34mSELECT "ar_internal_metadata".* FROM "ar_internal_metadata" WHERE "ar_internal_metadata"."key" = $1 LIMIT $2[0m  [["key", "environment"], ["LIMIT", 1]]
  [1m[35m (1.0ms)[0m  [1m[34mSELECT pg_advisory_unlock(1682527628878363470)[0m
  [1m[36mActiveRecord::SchemaMigration Pluck (1.3ms)[0m  [1m[34mSELECT "schema_migrations"."version" FROM "schema_migrations" ORDER BY "schema_migrations"."version" ASC[0m
  [1m[36mActiveRecord::SchemaMigration Pluck (0.9ms)[0m  [1m[34mSELECT "schema_migrations"."version" FROM "schema_migrations" ORDER BY "schema_migrations"."version" ASC[0m
